==14678== Memcheck, a memory error detector
==14678== Copyright (C) 2002-2017, and GNU GPL'd, by Julian Seward et al.
==14678== Using Valgrind-3.13.0 and LibVEX; rerun with -h for copyright info
==14678== Command: ./pa5 -m random.b randomOut.b
==14678== Parent PID: 14677
==14678== 
--14678-- 
--14678-- Valgrind options:
--14678--    --tool=memcheck
--14678--    --verbose
--14678--    --log-file=./valgrindm.log
--14678-- Contents of /proc/version:
--14678--   Linux version 4.15.0-47-generic (buildd@lgw01-amd64-001) (gcc version 7.3.0 (Ubuntu 7.3.0-16ubuntu3)) #50-Ubuntu SMP Wed Mar 13 10:44:52 UTC 2019
--14678-- 
--14678-- Arch and hwcaps: AMD64, LittleEndian, amd64-cx16-lzcnt-rdtscp-sse3-avx-avx2-bmi
--14678-- Page sizes: currently 4096, max supported 4096
--14678-- Valgrind library directory: /usr/lib/valgrind
--14678-- Reading syms from /home/mrasheed/Documents/ECE368/solutions/pa5/pa5
--14678-- Reading syms from /lib/x86_64-linux-gnu/ld-2.27.so
--14678--   Considering /lib/x86_64-linux-gnu/ld-2.27.so ..
--14678--   .. CRC mismatch (computed 1b7c895e wanted 2943108a)
--14678--   Considering /usr/lib/debug/lib/x86_64-linux-gnu/ld-2.27.so ..
--14678--   .. CRC is valid
--14678-- Reading syms from /usr/lib/valgrind/memcheck-amd64-linux
--14678--   Considering /usr/lib/valgrind/memcheck-amd64-linux ..
--14678--   .. CRC mismatch (computed c25f395c wanted 0a9602a8)
--14678--    object doesn't have a symbol table
--14678--    object doesn't have a dynamic symbol table
--14678-- Scheduler: using generic scheduler lock implementation.
--14678-- Reading suppressions file: /usr/lib/valgrind/default.supp
==14678== embedded gdbserver: reading from /tmp/vgdb-pipe-from-vgdb-to-14678-by-mrasheed-on-???
==14678== embedded gdbserver: writing to   /tmp/vgdb-pipe-to-vgdb-from-14678-by-mrasheed-on-???
==14678== embedded gdbserver: shared mem   /tmp/vgdb-pipe-shared-mem-vgdb-14678-by-mrasheed-on-???
==14678== 
==14678== TO CONTROL THIS PROCESS USING vgdb (which you probably
==14678== don't want to do, unless you know exactly what you're doing,
==14678== or are doing some strange experiment):
==14678==   /usr/lib/valgrind/../../bin/vgdb --pid=14678 ...command...
==14678== 
==14678== TO DEBUG THIS PROCESS USING GDB: start GDB like this
==14678==   /path/to/gdb ./pa5
==14678== and then give GDB the following command
==14678==   target remote | /usr/lib/valgrind/../../bin/vgdb --pid=14678
==14678== --pid is optional if only one valgrind process is running
==14678== 
--14678-- REDIR: 0x401f2f0 (ld-linux-x86-64.so.2:strlen) redirected to 0x58060901 (???)
--14678-- REDIR: 0x401f0d0 (ld-linux-x86-64.so.2:index) redirected to 0x5806091b (???)
--14678-- Reading syms from /usr/lib/valgrind/vgpreload_core-amd64-linux.so
--14678--   Considering /usr/lib/valgrind/vgpreload_core-amd64-linux.so ..
--14678--   .. CRC mismatch (computed 4b63d83e wanted 670599e6)
--14678--    object doesn't have a symbol table
--14678-- Reading syms from /usr/lib/valgrind/vgpreload_memcheck-amd64-linux.so
--14678--   Considering /usr/lib/valgrind/vgpreload_memcheck-amd64-linux.so ..
--14678--   .. CRC mismatch (computed a4b37bee wanted 8ad4dc94)
--14678--    object doesn't have a symbol table
==14678== WARNING: new redirection conflicts with existing -- ignoring it
--14678--     old: 0x0401f2f0 (strlen              ) R-> (0000.0) 0x58060901 ???
--14678--     new: 0x0401f2f0 (strlen              ) R-> (2007.0) 0x04c32db0 strlen
--14678-- REDIR: 0x401d360 (ld-linux-x86-64.so.2:strcmp) redirected to 0x4c33ee0 (strcmp)
--14678-- REDIR: 0x401f830 (ld-linux-x86-64.so.2:mempcpy) redirected to 0x4c374f0 (mempcpy)
--14678-- Reading syms from /lib/x86_64-linux-gnu/libc-2.27.so
--14678--   Considering /lib/x86_64-linux-gnu/libc-2.27.so ..
--14678--   .. CRC mismatch (computed b1c74187 wanted 042cc048)
--14678--   Considering /usr/lib/debug/lib/x86_64-linux-gnu/libc-2.27.so ..
--14678--   .. CRC is valid
--14678-- REDIR: 0x4edac70 (libc.so.6:memmove) redirected to 0x4a2a6e0 (_vgnU_ifunc_wrapper)
--14678-- REDIR: 0x4ed9d40 (libc.so.6:strncpy) redirected to 0x4a2a6e0 (_vgnU_ifunc_wrapper)
--14678-- REDIR: 0x4edaf50 (libc.so.6:strcasecmp) redirected to 0x4a2a6e0 (_vgnU_ifunc_wrapper)
--14678-- REDIR: 0x4ed9790 (libc.so.6:strcat) redirected to 0x4a2a6e0 (_vgnU_ifunc_wrapper)
--14678-- REDIR: 0x4ed9d70 (libc.so.6:rindex) redirected to 0x4a2a6e0 (_vgnU_ifunc_wrapper)
--14678-- REDIR: 0x4edc7c0 (libc.so.6:rawmemchr) redirected to 0x4a2a6e0 (_vgnU_ifunc_wrapper)
--14678-- REDIR: 0x4edade0 (libc.so.6:mempcpy) redirected to 0x4a2a6e0 (_vgnU_ifunc_wrapper)
--14678-- REDIR: 0x4edac10 (libc.so.6:bcmp) redirected to 0x4a2a6e0 (_vgnU_ifunc_wrapper)
--14678-- REDIR: 0x4ed9d00 (libc.so.6:strncmp) redirected to 0x4a2a6e0 (_vgnU_ifunc_wrapper)
--14678-- REDIR: 0x4ed9800 (libc.so.6:strcmp) redirected to 0x4a2a6e0 (_vgnU_ifunc_wrapper)
--14678-- REDIR: 0x4edad40 (libc.so.6:memset) redirected to 0x4a2a6e0 (_vgnU_ifunc_wrapper)
--14678-- REDIR: 0x4ef80f0 (libc.so.6:wcschr) redirected to 0x4a2a6e0 (_vgnU_ifunc_wrapper)
--14678-- REDIR: 0x4ed9ca0 (libc.so.6:strnlen) redirected to 0x4a2a6e0 (_vgnU_ifunc_wrapper)
--14678-- REDIR: 0x4ed9870 (libc.so.6:strcspn) redirected to 0x4a2a6e0 (_vgnU_ifunc_wrapper)
--14678-- REDIR: 0x4edafa0 (libc.so.6:strncasecmp) redirected to 0x4a2a6e0 (_vgnU_ifunc_wrapper)
--14678-- REDIR: 0x4ed9840 (libc.so.6:strcpy) redirected to 0x4a2a6e0 (_vgnU_ifunc_wrapper)
--14678-- REDIR: 0x4edb0e0 (libc.so.6:memcpy@@GLIBC_2.14) redirected to 0x4a2a6e0 (_vgnU_ifunc_wrapper)
--14678-- REDIR: 0x4ed9da0 (libc.so.6:strpbrk) redirected to 0x4a2a6e0 (_vgnU_ifunc_wrapper)
--14678-- REDIR: 0x4ed97c0 (libc.so.6:index) redirected to 0x4a2a6e0 (_vgnU_ifunc_wrapper)
--14678-- REDIR: 0x4ed9c70 (libc.so.6:strlen) redirected to 0x4a2a6e0 (_vgnU_ifunc_wrapper)
--14678-- REDIR: 0x4ee46c0 (libc.so.6:memrchr) redirected to 0x4a2a6e0 (_vgnU_ifunc_wrapper)
--14678-- REDIR: 0x4edaff0 (libc.so.6:strcasecmp_l) redirected to 0x4a2a6e0 (_vgnU_ifunc_wrapper)
--14678-- REDIR: 0x4edabe0 (libc.so.6:memchr) redirected to 0x4a2a6e0 (_vgnU_ifunc_wrapper)
--14678-- REDIR: 0x4ef8eb0 (libc.so.6:wcslen) redirected to 0x4a2a6e0 (_vgnU_ifunc_wrapper)
--14678-- REDIR: 0x4eda050 (libc.so.6:strspn) redirected to 0x4a2a6e0 (_vgnU_ifunc_wrapper)
--14678-- REDIR: 0x4edaf20 (libc.so.6:stpncpy) redirected to 0x4a2a6e0 (_vgnU_ifunc_wrapper)
--14678-- REDIR: 0x4edaef0 (libc.so.6:stpcpy) redirected to 0x4a2a6e0 (_vgnU_ifunc_wrapper)
--14678-- REDIR: 0x4edc7f0 (libc.so.6:strchrnul) redirected to 0x4a2a6e0 (_vgnU_ifunc_wrapper)
--14678-- REDIR: 0x4edb040 (libc.so.6:strncasecmp_l) redirected to 0x4a2a6e0 (_vgnU_ifunc_wrapper)
--14678-- REDIR: 0x4fca3c0 (libc.so.6:__strrchr_avx2) redirected to 0x4c32730 (rindex)
--14678-- REDIR: 0x4ed3070 (libc.so.6:malloc) redirected to 0x4c2faa0 (malloc)
--14678-- REDIR: 0x4eda590 (libc.so.6:__GI_strstr) redirected to 0x4c37760 (__strstr_sse2)
--14678-- REDIR: 0x4ed3950 (libc.so.6:free) redirected to 0x4c30cd0 (free)
--14678-- REDIR: 0x4fcaad0 (libc.so.6:__memcpy_avx_unaligned_erms) redirected to 0x4c366e0 (memmove)
--14678-- REDIR: 0x4fca1d0 (libc.so.6:__strchrnul_avx2) redirected to 0x4c37020 (strchrnul)
--14678-- REDIR: 0x4fcaab0 (libc.so.6:__mempcpy_avx_unaligned_erms) redirected to 0x4c37130 (mempcpy)
==14678== 
==14678== HEAP SUMMARY:
==14678==     in use at exit: 8,000,000 bytes in 1 blocks
==14678==   total heap usage: 7 allocs, 6 frees, 16,010,320 bytes allocated
==14678== 
==14678== Searching for pointers to 1 not-freed blocks
==14678== Checked 70,392 bytes
==14678== 
==14678== LEAK SUMMARY:
==14678==    definitely lost: 8,000,000 bytes in 1 blocks
==14678==    indirectly lost: 0 bytes in 0 blocks
==14678==      possibly lost: 0 bytes in 0 blocks
==14678==    still reachable: 0 bytes in 0 blocks
==14678==         suppressed: 0 bytes in 0 blocks
==14678== Rerun with --leak-check=full to see details of leaked memory
==14678== 
==14678== ERROR SUMMARY: 0 errors from 0 contexts (suppressed: 0 from 0)
==14678== ERROR SUMMARY: 0 errors from 0 contexts (suppressed: 0 from 0)
